<?xml version="1.0" encoding="UTF-8"?>
<!-- Generated by org.testng.reporters.JUnitReportReporter -->
<testsuite hostname="cra-prof-testing" failures="0" tests="1" name="rough.testTest" time="2.904" errors="0" timestamp="2023-08-18T11:37:46 IST" skipped="0">
  <testcase classname="rough.testTest" name="dumyyTest" time="2.904"/>
  <system-out/>
</testsuite> <!-- rough.testTest -->
